This is pdfTeX, Version 3.141592653-2.6-1.40.26 (MiKTeX 24.4) (preloaded format=pdflatex 2024.5.8)  18 MAY 2024 16:32
entering extended mode
 restricted \write18 enabled.
 %&-line parsing enabled.
**./WACE_SoSe24_PraesentationHausarbeitTeam03.tex
(WACE_SoSe24_PraesentationHausarbeitTeam03.tex
LaTeX2e <2023-11-01> patch level 1
L3 programming layer <2024-04-11>

(C:\Users\ELW00D\AppData\Local\Programs\MiKTeX\tex/latex/tuda-ci\tudabeamer.cls
Document Class: tudabeamer 2024-04-21 3.37 
(C:\Users\ELW00D\AppData\Local\Programs\MiKTeX\tex/latex/beamer\beamer.cls
Document Class: beamer 2024/01/06 v3.71 A class for typesetting presentations

(C:\Users\ELW00D\AppData\Local\Programs\MiKTeX\tex/latex/beamer\beamerbasemodes
.sty
(C:\Users\ELW00D\AppData\Local\Programs\MiKTeX\tex/latex/etoolbox\etoolbox.sty
Package: etoolbox 2020/10/05 v2.5k e-TeX tools for LaTeX (JAW)
\etb@tempcnta=\count189
)
\beamer@tempbox=\box51
\beamer@tempcount=\count190
\c@beamerpauses=\count191

(C:\Users\ELW00D\AppData\Local\Programs\MiKTeX\tex/latex/beamer\beamerbasedecod
e.sty
\beamer@slideinframe=\count192
\beamer@minimum=\count193
\beamer@decode@box=\box52
)
\beamer@commentbox=\box53
\beamer@modecount=\count194
)
(C:\Users\ELW00D\AppData\Local\Programs\MiKTeX\tex/generic/iftex\iftex.sty
Package: iftex 2022/02/03 v1.0f TeX engine tests
)
\headdp=\dimen140
\footheight=\dimen141
\sidebarheight=\dimen142
\beamer@tempdim=\dimen143
\beamer@finalheight=\dimen144
\beamer@animht=\dimen145
\beamer@animdp=\dimen146
\beamer@animwd=\dimen147
\beamer@leftmargin=\dimen148
\beamer@rightmargin=\dimen149
\beamer@leftsidebar=\dimen150
\beamer@rightsidebar=\dimen151
\beamer@boxsize=\dimen152
\beamer@vboxoffset=\dimen153
\beamer@descdefault=\dimen154
\beamer@descriptionwidth=\dimen155
\beamer@lastskip=\skip48
\beamer@areabox=\box54
\beamer@animcurrent=\box55
\beamer@animshowbox=\box56
\beamer@sectionbox=\box57
\beamer@logobox=\box58
\beamer@linebox=\box59
\beamer@sectioncount=\count195
\beamer@subsubsectionmax=\count196
\beamer@subsectionmax=\count197
\beamer@sectionmax=\count198
\beamer@totalheads=\count199
\beamer@headcounter=\count266
\beamer@partstartpage=\count267
\beamer@sectionstartpage=\count268
\beamer@subsectionstartpage=\count269
\beamer@animationtempa=\count270
\beamer@animationtempb=\count271
\beamer@xpos=\count272
\beamer@ypos=\count273
\beamer@ypos@offset=\count274
\beamer@showpartnumber=\count275
\beamer@currentsubsection=\count276
\beamer@coveringdepth=\count277
\beamer@sectionadjust=\count278
\beamer@toclastsection=\count279
\beamer@tocsectionnumber=\count280

(C:\Users\ELW00D\AppData\Local\Programs\MiKTeX\tex/latex/beamer\beamerbaseoptio
ns.sty
(C:\Users\ELW00D\AppData\Local\Programs\MiKTeX\tex/latex/graphics\keyval.sty
Package: keyval 2022/05/29 v1.15 key=value parser (DPC)
\KV@toks@=\toks17
))
\beamer@paperwidth=\skip49
\beamer@paperheight=\skip50

(C:\Users\ELW00D\AppData\Local\Programs\MiKTeX\tex/latex/geometry\geometry.sty
Package: geometry 2020/01/02 v5.9 Page Geometry

(C:\Users\ELW00D\AppData\Local\Programs\MiKTeX\tex/generic/iftex\ifvtex.sty
Package: ifvtex 2019/10/25 v1.7 ifvtex legacy package. Use iftex instead.
)
\Gm@cnth=\count281
\Gm@cntv=\count282
\c@Gm@tempcnt=\count283
\Gm@bindingoffset=\dimen156
\Gm@wd@mp=\dimen157
\Gm@odd@mp=\dimen158
\Gm@even@mp=\dimen159
\Gm@layoutwidth=\dimen160
\Gm@layoutheight=\dimen161
\Gm@layouthoffset=\dimen162
\Gm@layoutvoffset=\dimen163
\Gm@dimlist=\toks18

(C:\Users\ELW00D\AppData\Local\Programs\MiKTeX\tex/latex/geometry\geometry.cfg)
) (C:\Users\ELW00D\AppData\Local\Programs\MiKTeX\tex/latex/pgf/math\pgfmath.sty

(C:\Users\ELW00D\AppData\Local\Programs\MiKTeX\tex/latex/pgf/utilities\pgfrcs.s
ty
(C:\Users\ELW00D\AppData\Local\Programs\MiKTeX\tex/generic/pgf/utilities\pgfuti
l-common.tex
\pgfutil@everybye=\toks19
\pgfutil@tempdima=\dimen164
\pgfutil@tempdimb=\dimen165
)
(C:\Users\ELW00D\AppData\Local\Programs\MiKTeX\tex/generic/pgf/utilities\pgfuti
l-latex.def
\pgfutil@abb=\box60
)
(C:\Users\ELW00D\AppData\Local\Programs\MiKTeX\tex/generic/pgf/utilities\pgfrcs
.code.tex
(C:\Users\ELW00D\AppData\Local\Programs\MiKTeX\tex/generic/pgf\pgf.revision.tex
)
Package: pgfrcs 2023-01-15 v3.1.10 (3.1.10)
))
(C:\Users\ELW00D\AppData\Local\Programs\MiKTeX\tex/latex/pgf/utilities\pgfkeys.
sty
(C:\Users\ELW00D\AppData\Local\Programs\MiKTeX\tex/generic/pgf/utilities\pgfkey
s.code.tex
\pgfkeys@pathtoks=\toks20
\pgfkeys@temptoks=\toks21

(C:\Users\ELW00D\AppData\Local\Programs\MiKTeX\tex/generic/pgf/utilities\pgfkey
slibraryfiltered.code.tex
\pgfkeys@tmptoks=\toks22
)))
(C:\Users\ELW00D\AppData\Local\Programs\MiKTeX\tex/generic/pgf/math\pgfmath.cod
e.tex
(C:\Users\ELW00D\AppData\Local\Programs\MiKTeX\tex/generic/pgf/math\pgfmathutil
.code.tex
\pgf@x=\dimen166
\pgf@xa=\dimen167
\pgf@xb=\dimen168
\pgf@xc=\dimen169
\pgf@y=\dimen170
\pgf@ya=\dimen171
\pgf@yb=\dimen172
\pgf@yc=\dimen173
\c@pgf@counta=\count284
\c@pgf@countb=\count285
\c@pgf@countc=\count286
\c@pgf@countd=\count287
)
(C:\Users\ELW00D\AppData\Local\Programs\MiKTeX\tex/generic/pgf/math\pgfmathpars
er.code.tex
\pgfmath@dimen=\dimen174
\pgfmath@count=\count288
\pgfmath@box=\box61
\pgfmath@toks=\toks23
\pgfmath@stack@operand=\toks24
\pgfmath@stack@operation=\toks25
)
(C:\Users\ELW00D\AppData\Local\Programs\MiKTeX\tex/generic/pgf/math\pgfmathfunc
tions.code.tex)
(C:\Users\ELW00D\AppData\Local\Programs\MiKTeX\tex/generic/pgf/math\pgfmathfunc
tions.basic.code.tex)
(C:\Users\ELW00D\AppData\Local\Programs\MiKTeX\tex/generic/pgf/math\pgfmathfunc
tions.trigonometric.code.tex)
(C:\Users\ELW00D\AppData\Local\Programs\MiKTeX\tex/generic/pgf/math\pgfmathfunc
tions.random.code.tex)
(C:\Users\ELW00D\AppData\Local\Programs\MiKTeX\tex/generic/pgf/math\pgfmathfunc
tions.comparison.code.tex)
(C:\Users\ELW00D\AppData\Local\Programs\MiKTeX\tex/generic/pgf/math\pgfmathfunc
tions.base.code.tex)
(C:\Users\ELW00D\AppData\Local\Programs\MiKTeX\tex/generic/pgf/math\pgfmathfunc
tions.round.code.tex)
(C:\Users\ELW00D\AppData\Local\Programs\MiKTeX\tex/generic/pgf/math\pgfmathfunc
tions.misc.code.tex)
(C:\Users\ELW00D\AppData\Local\Programs\MiKTeX\tex/generic/pgf/math\pgfmathfunc
tions.integerarithmetics.code.tex)
(C:\Users\ELW00D\AppData\Local\Programs\MiKTeX\tex/generic/pgf/math\pgfmathcalc
.code.tex)
(C:\Users\ELW00D\AppData\Local\Programs\MiKTeX\tex/generic/pgf/math\pgfmathfloa
t.code.tex
\c@pgfmathroundto@lastzeros=\count289
)))
(C:\Users\ELW00D\AppData\Local\Programs\MiKTeX\tex/latex/base\size10.clo
File: size10.clo 2023/05/17 v1.4n Standard LaTeX file (size option)
)
(C:\Users\ELW00D\AppData\Local\Programs\MiKTeX\tex/latex/pgf/basiclayer\pgfcore
.sty
(C:\Users\ELW00D\AppData\Local\Programs\MiKTeX\tex/latex/graphics\graphicx.sty
Package: graphicx 2021/09/16 v1.2d Enhanced LaTeX Graphics (DPC,SPQR)

(C:\Users\ELW00D\AppData\Local\Programs\MiKTeX\tex/latex/graphics\graphics.sty
Package: graphics 2022/03/10 v1.4e Standard LaTeX Graphics (DPC,SPQR)

(C:\Users\ELW00D\AppData\Local\Programs\MiKTeX\tex/latex/graphics\trig.sty
Package: trig 2021/08/11 v1.11 sin cos tan (DPC)
)
(C:\Users\ELW00D\AppData\Local\Programs\MiKTeX\tex/latex/graphics-cfg\graphics.
cfg
File: graphics.cfg 2016/06/04 v1.11 sample graphics configuration
)
Package graphics Info: Driver file: pdftex.def on input line 107.

(C:\Users\ELW00D\AppData\Local\Programs\MiKTeX\tex/latex/graphics-def\pdftex.de
f
File: pdftex.def 2024/04/13 v1.2c Graphics/color driver for pdftex
))
\Gin@req@height=\dimen175
\Gin@req@width=\dimen176
)
(C:\Users\ELW00D\AppData\Local\Programs\MiKTeX\tex/latex/pgf/systemlayer\pgfsys
.sty
(C:\Users\ELW00D\AppData\Local\Programs\MiKTeX\tex/generic/pgf/systemlayer\pgfs
ys.code.tex
Package: pgfsys 2023-01-15 v3.1.10 (3.1.10)
\pgf@x=\dimen177
\pgf@y=\dimen178
\pgf@xa=\dimen179
\pgf@ya=\dimen180
\pgf@xb=\dimen181
\pgf@yb=\dimen182
\pgf@xc=\dimen183
\pgf@yc=\dimen184
\pgf@xd=\dimen185
\pgf@yd=\dimen186
\w@pgf@writea=\write3
\r@pgf@reada=\read2
\c@pgf@counta=\count290
\c@pgf@countb=\count291
\c@pgf@countc=\count292
\c@pgf@countd=\count293
\t@pgf@toka=\toks26
\t@pgf@tokb=\toks27
\t@pgf@tokc=\toks28
\pgf@sys@id@count=\count294

(C:\Users\ELW00D\AppData\Local\Programs\MiKTeX\tex/generic/pgf/systemlayer\pgf.
cfg
File: pgf.cfg 2023-01-15 v3.1.10 (3.1.10)
)
Driver file for pgf: pgfsys-pdftex.def

(C:\Users\ELW00D\AppData\Local\Programs\MiKTeX\tex/generic/pgf/systemlayer\pgfs
ys-pdftex.def
File: pgfsys-pdftex.def 2023-01-15 v3.1.10 (3.1.10)

(C:\Users\ELW00D\AppData\Local\Programs\MiKTeX\tex/generic/pgf/systemlayer\pgfs
ys-common-pdf.def
File: pgfsys-common-pdf.def 2023-01-15 v3.1.10 (3.1.10)
)))
(C:\Users\ELW00D\AppData\Local\Programs\MiKTeX\tex/generic/pgf/systemlayer\pgfs
yssoftpath.code.tex
File: pgfsyssoftpath.code.tex 2023-01-15 v3.1.10 (3.1.10)
\pgfsyssoftpath@smallbuffer@items=\count295
\pgfsyssoftpath@bigbuffer@items=\count296
)
(C:\Users\ELW00D\AppData\Local\Programs\MiKTeX\tex/generic/pgf/systemlayer\pgfs
ysprotocol.code.tex
File: pgfsysprotocol.code.tex 2023-01-15 v3.1.10 (3.1.10)
))
(C:\Users\ELW00D\AppData\Local\Programs\MiKTeX\tex/latex/xcolor\xcolor.sty
Package: xcolor 2023/11/15 v3.01 LaTeX color extensions (UK)

(C:\Users\ELW00D\AppData\Local\Programs\MiKTeX\tex/latex/graphics-cfg\color.cfg
File: color.cfg 2016/01/02 v1.6 sample color configuration
)
Package xcolor Info: Driver file: pdftex.def on input line 274.

(C:\Users\ELW00D\AppData\Local\Programs\MiKTeX\tex/latex/graphics\mathcolor.ltx
)
Package xcolor Info: Model `cmy' substituted by `cmy0' on input line 1350.
Package xcolor Info: Model `hsb' substituted by `rgb' on input line 1354.
Package xcolor Info: Model `RGB' extended on input line 1366.
Package xcolor Info: Model `HTML' substituted by `rgb' on input line 1368.
Package xcolor Info: Model `Hsb' substituted by `hsb' on input line 1369.
Package xcolor Info: Model `tHsb' substituted by `hsb' on input line 1370.
Package xcolor Info: Model `HSB' substituted by `hsb' on input line 1371.
Package xcolor Info: Model `Gray' substituted by `gray' on input line 1372.
Package xcolor Info: Model `wave' substituted by `hsb' on input line 1373.
)
(C:\Users\ELW00D\AppData\Local\Programs\MiKTeX\tex/generic/pgf/basiclayer\pgfco
re.code.tex
Package: pgfcore 2023-01-15 v3.1.10 (3.1.10)

(C:\Users\ELW00D\AppData\Local\Programs\MiKTeX\tex/generic/pgf/math\pgfint.code
.tex)
(C:\Users\ELW00D\AppData\Local\Programs\MiKTeX\tex/generic/pgf/basiclayer\pgfco
repoints.code.tex
File: pgfcorepoints.code.tex 2023-01-15 v3.1.10 (3.1.10)
\pgf@picminx=\dimen187
\pgf@picmaxx=\dimen188
\pgf@picminy=\dimen189
\pgf@picmaxy=\dimen190
\pgf@pathminx=\dimen191
\pgf@pathmaxx=\dimen192
\pgf@pathminy=\dimen193
\pgf@pathmaxy=\dimen194
\pgf@xx=\dimen195
\pgf@xy=\dimen196
\pgf@yx=\dimen197
\pgf@yy=\dimen198
\pgf@zx=\dimen199
\pgf@zy=\dimen256
)
(C:\Users\ELW00D\AppData\Local\Programs\MiKTeX\tex/generic/pgf/basiclayer\pgfco
repathconstruct.code.tex
File: pgfcorepathconstruct.code.tex 2023-01-15 v3.1.10 (3.1.10)
\pgf@path@lastx=\dimen257
\pgf@path@lasty=\dimen258
)
(C:\Users\ELW00D\AppData\Local\Programs\MiKTeX\tex/generic/pgf/basiclayer\pgfco
repathusage.code.tex
File: pgfcorepathusage.code.tex 2023-01-15 v3.1.10 (3.1.10)
\pgf@shorten@end@additional=\dimen259
\pgf@shorten@start@additional=\dimen260
)
(C:\Users\ELW00D\AppData\Local\Programs\MiKTeX\tex/generic/pgf/basiclayer\pgfco
rescopes.code.tex
File: pgfcorescopes.code.tex 2023-01-15 v3.1.10 (3.1.10)
\pgfpic=\box62
\pgf@hbox=\box63
\pgf@layerbox@main=\box64
\pgf@picture@serial@count=\count297
)
(C:\Users\ELW00D\AppData\Local\Programs\MiKTeX\tex/generic/pgf/basiclayer\pgfco
regraphicstate.code.tex
File: pgfcoregraphicstate.code.tex 2023-01-15 v3.1.10 (3.1.10)
\pgflinewidth=\dimen261
)
(C:\Users\ELW00D\AppData\Local\Programs\MiKTeX\tex/generic/pgf/basiclayer\pgfco
retransformations.code.tex
File: pgfcoretransformations.code.tex 2023-01-15 v3.1.10 (3.1.10)
\pgf@pt@x=\dimen262
\pgf@pt@y=\dimen263
\pgf@pt@temp=\dimen264
)
(C:\Users\ELW00D\AppData\Local\Programs\MiKTeX\tex/generic/pgf/basiclayer\pgfco
requick.code.tex
File: pgfcorequick.code.tex 2023-01-15 v3.1.10 (3.1.10)
)
(C:\Users\ELW00D\AppData\Local\Programs\MiKTeX\tex/generic/pgf/basiclayer\pgfco
reobjects.code.tex
File: pgfcoreobjects.code.tex 2023-01-15 v3.1.10 (3.1.10)
)
(C:\Users\ELW00D\AppData\Local\Programs\MiKTeX\tex/generic/pgf/basiclayer\pgfco
repathprocessing.code.tex
File: pgfcorepathprocessing.code.tex 2023-01-15 v3.1.10 (3.1.10)
)
(C:\Users\ELW00D\AppData\Local\Programs\MiKTeX\tex/generic/pgf/basiclayer\pgfco
rearrows.code.tex
File: pgfcorearrows.code.tex 2023-01-15 v3.1.10 (3.1.10)
\pgfarrowsep=\dimen265
)
(C:\Users\ELW00D\AppData\Local\Programs\MiKTeX\tex/generic/pgf/basiclayer\pgfco
reshade.code.tex
File: pgfcoreshade.code.tex 2023-01-15 v3.1.10 (3.1.10)
\pgf@max=\dimen266
\pgf@sys@shading@range@num=\count298
\pgf@shadingcount=\count299
)
(C:\Users\ELW00D\AppData\Local\Programs\MiKTeX\tex/generic/pgf/basiclayer\pgfco
reimage.code.tex
File: pgfcoreimage.code.tex 2023-01-15 v3.1.10 (3.1.10)
)
(C:\Users\ELW00D\AppData\Local\Programs\MiKTeX\tex/generic/pgf/basiclayer\pgfco
reexternal.code.tex
File: pgfcoreexternal.code.tex 2023-01-15 v3.1.10 (3.1.10)
\pgfexternal@startupbox=\box65
)
(C:\Users\ELW00D\AppData\Local\Programs\MiKTeX\tex/generic/pgf/basiclayer\pgfco
relayers.code.tex
File: pgfcorelayers.code.tex 2023-01-15 v3.1.10 (3.1.10)
)
(C:\Users\ELW00D\AppData\Local\Programs\MiKTeX\tex/generic/pgf/basiclayer\pgfco
retransparency.code.tex
File: pgfcoretransparency.code.tex 2023-01-15 v3.1.10 (3.1.10)
)
(C:\Users\ELW00D\AppData\Local\Programs\MiKTeX\tex/generic/pgf/basiclayer\pgfco
repatterns.code.tex
File: pgfcorepatterns.code.tex 2023-01-15 v3.1.10 (3.1.10)
)
(C:\Users\ELW00D\AppData\Local\Programs\MiKTeX\tex/generic/pgf/basiclayer\pgfco
rerdf.code.tex
File: pgfcorerdf.code.tex 2023-01-15 v3.1.10 (3.1.10)
)))
(C:\Users\ELW00D\AppData\Local\Programs\MiKTeX\tex/latex/pgf/utilities\xxcolor.
sty
Package: xxcolor 2003/10/24 ver 0.1
\XC@nummixins=\count300
\XC@countmixins=\count301
)
(C:\Users\ELW00D\AppData\Local\Programs\MiKTeX\tex/latex/base\atbegshi-ltx.sty
Package: atbegshi-ltx 2021/01/10 v1.0c Emulation of the original atbegshi
package with kernel methods
) (C:\Users\ELW00D\AppData\Local\Programs\MiKTeX\tex/latex/hyperref\hyperref.st
y
Package: hyperref 2024-01-20 v7.01h Hypertext links for LaTeX

(C:\Users\ELW00D\AppData\Local\Programs\MiKTeX\tex/latex/kvsetkeys\kvsetkeys.st
y
Package: kvsetkeys 2022-10-05 v1.19 Key value parser (HO)
)
(C:\Users\ELW00D\AppData\Local\Programs\MiKTeX\tex/generic/kvdefinekeys\kvdefin
ekeys.sty
Package: kvdefinekeys 2019-12-19 v1.6 Define keys (HO)
)
(C:\Users\ELW00D\AppData\Local\Programs\MiKTeX\tex/generic/pdfescape\pdfescape.
sty
Package: pdfescape 2019/12/09 v1.15 Implements pdfTeX's escape features (HO)

(C:\Users\ELW00D\AppData\Local\Programs\MiKTeX\tex/generic/ltxcmds\ltxcmds.sty
Package: ltxcmds 2023-12-04 v1.26 LaTeX kernel commands for general use (HO)
)
(C:\Users\ELW00D\AppData\Local\Programs\MiKTeX\tex/generic/pdftexcmds\pdftexcmd
s.sty
Package: pdftexcmds 2020-06-27 v0.33 Utility functions of pdfTeX for LuaTeX (HO
)

(C:\Users\ELW00D\AppData\Local\Programs\MiKTeX\tex/generic/infwarerr\infwarerr.
sty
Package: infwarerr 2019/12/03 v1.5 Providing info/warning/error messages (HO)
)
Package pdftexcmds Info: \pdf@primitive is available.
Package pdftexcmds Info: \pdf@ifprimitive is available.
Package pdftexcmds Info: \pdfdraftmode found.
))
(C:\Users\ELW00D\AppData\Local\Programs\MiKTeX\tex/latex/hycolor\hycolor.sty
Package: hycolor 2020-01-27 v1.10 Color options for hyperref/bookmark (HO)
)
(C:\Users\ELW00D\AppData\Local\Programs\MiKTeX\tex/latex/auxhook\auxhook.sty
Package: auxhook 2019-12-17 v1.6 Hooks for auxiliary files (HO)
)
(C:\Users\ELW00D\AppData\Local\Programs\MiKTeX\tex/latex/hyperref\nameref.sty
Package: nameref 2023-11-26 v2.56 Cross-referencing by name of section

(C:\Users\ELW00D\AppData\Local\Programs\MiKTeX\tex/latex/refcount\refcount.sty
Package: refcount 2019/12/15 v3.6 Data extraction from label references (HO)
)
(C:\Users\ELW00D\AppData\Local\Programs\MiKTeX\tex/generic/gettitlestring\getti
tlestring.sty
Package: gettitlestring 2019/12/15 v1.6 Cleanup title references (HO)

(C:\Users\ELW00D\AppData\Local\Programs\MiKTeX\tex/latex/kvoptions\kvoptions.st
y
Package: kvoptions 2022-06-15 v3.15 Key value format for package options (HO)
))
\c@section@level=\count302
)
\@linkdim=\dimen267
\Hy@linkcounter=\count303
\Hy@pagecounter=\count304

(C:\Users\ELW00D\AppData\Local\Programs\MiKTeX\tex/latex/hyperref\pd1enc.def
File: pd1enc.def 2024-01-20 v7.01h Hyperref: PDFDocEncoding definition (HO)
Now handling font encoding PD1 ...
... no UTF-8 mapping file for font encoding PD1
)
(C:\Users\ELW00D\AppData\Local\Programs\MiKTeX\tex/generic/intcalc\intcalc.sty
Package: intcalc 2019/12/15 v1.3 Expandable calculations with integers (HO)
)
\Hy@SavedSpaceFactor=\count305
(C:\Users\ELW00D\AppData\Local\Programs\MiKTeX\tex/latex/hyperref\puenc.def
File: puenc.def 2024-01-20 v7.01h Hyperref: PDF Unicode definition (HO)
Now handling font encoding PU ...
... no UTF-8 mapping file for font encoding PU
)
Package hyperref Info: Option `pdfpagelabels' set `false' on input line 4062.
Package hyperref Info: Option `plainpages' set `false' on input line 4062.
Package hyperref Info: Option `bookmarks' set `true' on input line 4062.
Package hyperref Info: Option `bookmarksopen' set `true' on input line 4062.
Package hyperref Info: Option `implicit' set `false' on input line 4062.
Package hyperref Info: Hyper figures OFF on input line 4179.
Package hyperref Info: Link nesting OFF on input line 4184.
Package hyperref Info: Hyper index ON on input line 4187.
Package hyperref Info: Plain pages OFF on input line 4194.
Package hyperref Info: Backreferencing OFF on input line 4199.
Package hyperref Info: Implicit mode OFF; no redefinition of LaTeX internals.
Package hyperref Info: Bookmarks ON on input line 4446.
\c@Hy@tempcnt=\count306

(C:\Users\ELW00D\AppData\Local\Programs\MiKTeX\tex/latex/url\url.sty
\Urlmuskip=\muskip16
Package: url 2013/09/16  ver 3.4  Verb mode for urls, etc.
)
LaTeX Info: Redefining \url on input line 4784.
\XeTeXLinkMargin=\dimen268

(C:\Users\ELW00D\AppData\Local\Programs\MiKTeX\tex/generic/bitset\bitset.sty
Package: bitset 2019/12/09 v1.3 Handle bit-vector datatype (HO)

(C:\Users\ELW00D\AppData\Local\Programs\MiKTeX\tex/generic/bigintcalc\bigintcal
c.sty
Package: bigintcalc 2019/12/15 v1.5 Expandable calculations on big integers (HO
)
))
\Fld@menulength=\count307
\Field@Width=\dimen269
\Fld@charsize=\dimen270
Package hyperref Info: Hyper figures OFF on input line 6063.
Package hyperref Info: Link nesting OFF on input line 6068.
Package hyperref Info: Hyper index ON on input line 6071.
Package hyperref Info: backreferencing OFF on input line 6078.
Package hyperref Info: Link coloring OFF on input line 6083.
Package hyperref Info: Link coloring with OCG OFF on input line 6088.
Package hyperref Info: PDF/A mode OFF on input line 6093.


Package hyperref Message: Stopped early.

)
Package hyperref Info: Driver (autodetected): hpdftex.
 (C:\Users\ELW00D\AppData\Local\Programs\MiKTeX\tex/latex/hyperref\hpdftex.def
File: hpdftex.def 2024-01-20 v7.01h Hyperref driver for pdfTeX
\Fld@listcount=\count308
\c@bookmark@seq@number=\count309

(C:\Users\ELW00D\AppData\Local\Programs\MiKTeX\tex/latex/rerunfilecheck\rerunfi
lecheck.sty
Package: rerunfilecheck 2022-07-10 v1.10 Rerun checks for auxiliary files (HO)

(C:\Users\ELW00D\AppData\Local\Programs\MiKTeX\tex/latex/base\atveryend-ltx.sty
Package: atveryend-ltx 2020/08/19 v1.0a Emulation of the original atveryend pac
kage
with kernel methods
)
(C:\Users\ELW00D\AppData\Local\Programs\MiKTeX\tex/generic/uniquecounter\unique
counter.sty
Package: uniquecounter 2019/12/15 v1.4 Provide unlimited unique counter (HO)
)
Package uniquecounter Info: New unique counter `rerunfilecheck' on input line 2
85.
))
(C:\Users\ELW00D\AppData\Local\Programs\MiKTeX\tex/latex/beamer\beamerbaserequi
res.sty
(C:\Users\ELW00D\AppData\Local\Programs\MiKTeX\tex/latex/beamer\beamerbasecompa
tibility.sty)
(C:\Users\ELW00D\AppData\Local\Programs\MiKTeX\tex/latex/beamer\beamerbasefont.
sty
(C:\Users\ELW00D\AppData\Local\Programs\MiKTeX\tex/latex/amsfonts\amssymb.sty
Package: amssymb 2013/01/14 v3.01 AMS font symbols

(C:\Users\ELW00D\AppData\Local\Programs\MiKTeX\tex/latex/amsfonts\amsfonts.sty
Package: amsfonts 2013/01/14 v3.01 Basic AMSFonts support
\@emptytoks=\toks29
\symAMSa=\mathgroup4
\symAMSb=\mathgroup5
LaTeX Font Info:    Redeclaring math symbol \hbar on input line 98.
LaTeX Font Info:    Overwriting math alphabet `\mathfrak' in version `bold'
(Font)                  U/euf/m/n --> U/euf/b/n on input line 106.
))
(C:\Users\ELW00D\AppData\Local\Programs\MiKTeX\tex/latex/sansmathaccent\sansmat
haccent.sty
Package: sansmathaccent 2020/01/31

(C:\Users\ELW00D\AppData\Local\Programs\MiKTeX\tex/latex/koma-script\scrlfile.s
ty
Package: scrlfile 2023/07/07 v3.41 KOMA-Script package (file load hooks)

(C:\Users\ELW00D\AppData\Local\Programs\MiKTeX\tex/latex/koma-script\scrlfile-h
ook.sty
Package: scrlfile-hook 2023/07/07 v3.41 KOMA-Script package (using LaTeX hooks)


(C:\Users\ELW00D\AppData\Local\Programs\MiKTeX\tex/latex/koma-script\scrlogo.st
y
Package: scrlogo 2023/07/07 v3.41 KOMA-Script package (logo)
)))))
(C:\Users\ELW00D\AppData\Local\Programs\MiKTeX\tex/latex/beamer\beamerbasetrans
lator.sty
(C:\Users\ELW00D\AppData\Local\Programs\MiKTeX\tex/latex/translator\translator.
sty
Package: translator 2021-05-31 v1.12d Easy translation of strings in LaTeX
))
(C:\Users\ELW00D\AppData\Local\Programs\MiKTeX\tex/latex/beamer\beamerbasemisc.
sty)
(C:\Users\ELW00D\AppData\Local\Programs\MiKTeX\tex/latex/beamer\beamerbasetwosc
reens.sty)
(C:\Users\ELW00D\AppData\Local\Programs\MiKTeX\tex/latex/beamer\beamerbaseoverl
ay.sty
\beamer@argscount=\count310
\beamer@lastskipcover=\skip51
\beamer@trivlistdepth=\count311
)
(C:\Users\ELW00D\AppData\Local\Programs\MiKTeX\tex/latex/beamer\beamerbasetitle
.sty)
(C:\Users\ELW00D\AppData\Local\Programs\MiKTeX\tex/latex/beamer\beamerbasesecti
on.sty
\c@lecture=\count312
\c@part=\count313
\c@section=\count314
\c@subsection=\count315
\c@subsubsection=\count316
)
(C:\Users\ELW00D\AppData\Local\Programs\MiKTeX\tex/latex/beamer\beamerbaseframe
.sty
\beamer@framebox=\box66
\beamer@frametitlebox=\box67
\beamer@zoombox=\box68
\beamer@zoomcount=\count317
\beamer@zoomframecount=\count318
\beamer@frametextheight=\dimen271
\c@subsectionslide=\count319
\beamer@frametopskip=\skip52
\beamer@framebottomskip=\skip53
\beamer@frametopskipautobreak=\skip54
\beamer@framebottomskipautobreak=\skip55
\beamer@envbody=\toks30
\framewidth=\dimen272
\c@framenumber=\count320
)
(C:\Users\ELW00D\AppData\Local\Programs\MiKTeX\tex/latex/beamer\beamerbaseverba
tim.sty
\beamer@verbatimfileout=\write4
)
(C:\Users\ELW00D\AppData\Local\Programs\MiKTeX\tex/latex/beamer\beamerbaseframe
size.sty
\beamer@splitbox=\box69
\beamer@autobreakcount=\count321
\beamer@autobreaklastheight=\dimen273
\beamer@frametitletoks=\toks31
\beamer@framesubtitletoks=\toks32
)
(C:\Users\ELW00D\AppData\Local\Programs\MiKTeX\tex/latex/beamer\beamerbaseframe
components.sty
\beamer@footins=\box70
)
(C:\Users\ELW00D\AppData\Local\Programs\MiKTeX\tex/latex/beamer\beamerbasecolor
.sty)
(C:\Users\ELW00D\AppData\Local\Programs\MiKTeX\tex/latex/beamer\beamerbasenotes
.sty
\beamer@frameboxcopy=\box71
)
(C:\Users\ELW00D\AppData\Local\Programs\MiKTeX\tex/latex/beamer\beamerbasetoc.s
ty)
(C:\Users\ELW00D\AppData\Local\Programs\MiKTeX\tex/latex/beamer\beamerbasetempl
ates.sty
\beamer@sbttoks=\toks33

(C:\Users\ELW00D\AppData\Local\Programs\MiKTeX\tex/latex/beamer\beamerbaseauxte
mplates.sty
(C:\Users\ELW00D\AppData\Local\Programs\MiKTeX\tex/latex/beamer\beamerbaseboxes
.sty
\bmb@box=\box72
\bmb@colorbox=\box73
\bmb@boxwidth=\dimen274
\bmb@boxheight=\dimen275
\bmb@prevheight=\dimen276
\bmb@temp=\dimen277
\bmb@dima=\dimen278
\bmb@dimb=\dimen279
\bmb@prevheight=\dimen280
)
\beamer@blockheadheight=\dimen281
))
(C:\Users\ELW00D\AppData\Local\Programs\MiKTeX\tex/latex/beamer\beamerbaselocal
structure.sty
(C:\Users\ELW00D\AppData\Local\Programs\MiKTeX\tex/latex/tools\enumerate.sty
Package: enumerate 2023/07/04 v3.00 enumerate extensions (DPC)
\@enLab=\toks34
)
\beamer@bibiconwidth=\skip56
\c@figure=\count322
\c@table=\count323
\abovecaptionskip=\skip57
\belowcaptionskip=\skip58
)
(C:\Users\ELW00D\AppData\Local\Programs\MiKTeX\tex/latex/beamer\beamerbasenavig
ation.sty
(C:\Users\ELW00D\AppData\Local\Programs\MiKTeX\tex/latex/beamer\beamerbasenavig
ationsymbols.tex)
\beamer@section@min@dim=\dimen282
)
(C:\Users\ELW00D\AppData\Local\Programs\MiKTeX\tex/latex/beamer\beamerbasetheor
ems.sty
(C:\Users\ELW00D\AppData\Local\Programs\MiKTeX\tex/latex/amsmath\amsmath.sty
Package: amsmath 2023/05/13 v2.17o AMS math features
\@mathmargin=\skip59

For additional information on amsmath, use the `?' option.
(C:\Users\ELW00D\AppData\Local\Programs\MiKTeX\tex/latex/amsmath\amstext.sty
Package: amstext 2021/08/26 v2.01 AMS text

(C:\Users\ELW00D\AppData\Local\Programs\MiKTeX\tex/latex/amsmath\amsgen.sty
File: amsgen.sty 1999/11/30 v2.0 generic functions
\@emptytoks=\toks35
\ex@=\dimen283
))
(C:\Users\ELW00D\AppData\Local\Programs\MiKTeX\tex/latex/amsmath\amsbsy.sty
Package: amsbsy 1999/11/29 v1.2d Bold Symbols
\pmbraise@=\dimen284
)
(C:\Users\ELW00D\AppData\Local\Programs\MiKTeX\tex/latex/amsmath\amsopn.sty
Package: amsopn 2022/04/08 v2.04 operator names
)
\inf@bad=\count324
LaTeX Info: Redefining \frac on input line 234.
\uproot@=\count325
\leftroot@=\count326
LaTeX Info: Redefining \overline on input line 399.
LaTeX Info: Redefining \colon on input line 410.
\classnum@=\count327
\DOTSCASE@=\count328
LaTeX Info: Redefining \ldots on input line 496.
LaTeX Info: Redefining \dots on input line 499.
LaTeX Info: Redefining \cdots on input line 620.
\Mathstrutbox@=\box74
\strutbox@=\box75
LaTeX Info: Redefining \big on input line 722.
LaTeX Info: Redefining \Big on input line 723.
LaTeX Info: Redefining \bigg on input line 724.
LaTeX Info: Redefining \Bigg on input line 725.
\big@size=\dimen285
LaTeX Font Info:    Redeclaring font encoding OML on input line 743.
LaTeX Font Info:    Redeclaring font encoding OMS on input line 744.
\macc@depth=\count329
LaTeX Info: Redefining \bmod on input line 905.
LaTeX Info: Redefining \pmod on input line 910.
LaTeX Info: Redefining \smash on input line 940.
LaTeX Info: Redefining \relbar on input line 970.
LaTeX Info: Redefining \Relbar on input line 971.
\c@MaxMatrixCols=\count330
\dotsspace@=\muskip17
\c@parentequation=\count331
\dspbrk@lvl=\count332
\tag@help=\toks36
\row@=\count333
\column@=\count334
\maxfields@=\count335
\andhelp@=\toks37
\eqnshift@=\dimen286
\alignsep@=\dimen287
\tagshift@=\dimen288
\tagwidth@=\dimen289
\totwidth@=\dimen290
\lineht@=\dimen291
\@envbody=\toks38
\multlinegap=\skip60
\multlinetaggap=\skip61
\mathdisplay@stack=\toks39
LaTeX Info: Redefining \[ on input line 2953.
LaTeX Info: Redefining \] on input line 2954.
)
(C:\Users\ELW00D\AppData\Local\Programs\MiKTeX\tex/latex/amscls\amsthm.sty
Package: amsthm 2020/05/29 v2.20.6
\thm@style=\toks40
\thm@bodyfont=\toks41
\thm@headfont=\toks42
\thm@notefont=\toks43
\thm@headpunct=\toks44
\thm@preskip=\skip62
\thm@postskip=\skip63
\thm@headsep=\skip64
\dth@everypar=\toks45
)
\c@theorem=\count336
)
(C:\Users\ELW00D\AppData\Local\Programs\MiKTeX\tex/latex/beamer\beamerbasetheme
s.sty))
(C:\Users\ELW00D\AppData\Local\Programs\MiKTeX\tex/latex/beamer\beamerthemedefa
ult.sty
(C:\Users\ELW00D\AppData\Local\Programs\MiKTeX\tex/latex/beamer\beamerfonttheme
default.sty)
(C:\Users\ELW00D\AppData\Local\Programs\MiKTeX\tex/latex/beamer\beamercolorthem
edefault.sty)
(C:\Users\ELW00D\AppData\Local\Programs\MiKTeX\tex/latex/beamer\beamerinnerthem
edefault.sty
\beamer@dima=\dimen292
\beamer@dimb=\dimen293
)
(C:\Users\ELW00D\AppData\Local\Programs\MiKTeX\tex/latex/beamer\beamerouterthem
edefault.sty)))
Package hyperref Info: Option `unicode' set `true' on input line 142.

Package tudapub Info: The tudapub class won't create PDF/A-mode.


(C:\Users\ELW00D\AppData\Local\Programs\MiKTeX\tex/latex/tuda-ci\beamerthemeTUD
a2023.sty
Package: beamerthemeTUDa2023 2024-04-21 v3.37 Beamer theme using the Corporate 
Design of TU Darmstadt Design of 2023

(C:\Users\ELW00D\AppData\Local\Programs\MiKTeX\tex/latex/tuda-ci\beamerfontthem
eTUDa.sty
Package: beamerfontthemeTUDa 2024-04-21 v3.37 Beamer font theme of tuda-ci

(C:\Users\ELW00D\AppData\Local\Programs\MiKTeX\tex/latex/tuda-ci\tudafonts.sty
Package: tudafonts 2024-04-21 3.37 font loading for TUDa-CI, TU Darmstadt's Cor
porate Design

(C:\Users\ELW00D\AppData\Local\Programs\MiKTeX\tex/latex/anyfontsize\anyfontsiz
e.sty
Package: anyfontsize 2007/11/22 anyfontsize.sty by pts
)
   defining Unicode char U+20AC (decimal 8364)

(C:\Users\ELW00D\AppData\Local\Programs\MiKTeX\tex/latex/xcharter\XCharter.sty
Package: XCharter 2023/07/21 v1.25

`XCharter' v1.25, 2023/07/21 Text macros for XCharter, an extension of Charter 
(msharpe)
(C:\Users\ELW00D\AppData\Local\Programs\MiKTeX\tex/latex/xkeyval\xkeyval.sty
Package: xkeyval 2022/06/16 v2.9 package option processing (HA)

(C:\Users\ELW00D\AppData\Local\Programs\MiKTeX\tex/generic/xkeyval\xkeyval.tex
(C:\Users\ELW00D\AppData\Local\Programs\MiKTeX\tex/generic/xkeyval\xkvutils.tex
\XKV@toks=\toks46
\XKV@tempa@toks=\toks47
)
\XKV@depth=\count337
File: xkeyval.tex 2014/12/03 v2.7a key=value parser (HA)
)) (C:\Users\ELW00D\AppData\Local\Programs\MiKTeX\tex/latex/base\textcomp.sty
Package: textcomp 2020/02/02 v2.0n Standard LaTeX package
) (C:\Users\ELW00D\AppData\Local\Programs\MiKTeX\tex/latex/xstring\xstring.sty
(C:\Users\ELW00D\AppData\Local\Programs\MiKTeX\tex/generic/xstring\xstring.tex
\xs_counta=\count338
\xs_countb=\count339
)
Package: xstring 2023/08/22 v1.86 String manipulations (CT)
) (C:\Users\ELW00D\AppData\Local\Programs\MiKTeX\tex/latex/base\ifthen.sty
Package: ifthen 2022/04/13 v1.1d Standard LaTeX ifthen package (DPC)
)
(C:\Users\ELW00D\AppData\Local\Programs\MiKTeX\tex/latex/carlisle\scalefnt.sty)
(C:\Users\ELW00D\AppData\Local\Programs\MiKTeX\tex/latex/base\fontenc.sty
Package: fontenc 2021/04/29 v2.0v Standard LaTeX package
)
LaTeX Font Info:    Setting XCharter-LF sub-encoding to TS1/0 on input line 37.

LaTeX Font Info:    Changing XCharter-TLF sub-encoding to TS1/0 on input line 3
7.
LaTeX Font Info:    Setting XCharter-OsF sub-encoding to TS1/0 on input line 37
.
LaTeX Font Info:    Changing XCharter-TOsF sub-encoding to TS1/0 on input line 
37.
\xch@cnt=\count340

(C:\Users\ELW00D\AppData\Local\Programs\MiKTeX\tex/latex/fontaxes\fontaxes.sty
Package: fontaxes 2020/07/21 v1.0e Font selection axes
LaTeX Info: Redefining \upshape on input line 29.
LaTeX Info: Redefining \itshape on input line 31.
LaTeX Info: Redefining \slshape on input line 33.
LaTeX Info: Redefining \swshape on input line 35.
LaTeX Info: Redefining \scshape on input line 37.
LaTeX Info: Redefining \sscshape on input line 39.
LaTeX Info: Redefining \ulcshape on input line 41.
LaTeX Info: Redefining \textsw on input line 47.
LaTeX Info: Redefining \textssc on input line 48.
LaTeX Info: Redefining \textulc on input line 49.
)
LaTeX Info: Redefining \textsu on input line 737.
LaTeX Info: Redefining \textde on input line 740.
LaTeX Info: Redefining \textinf on input line 742.
)
(C:\Users\ELW00D\AppData\Local\Programs\MiKTeX\tex/latex/microtype\microtype.st
y
Package: microtype 2024/03/29 v3.1b Micro-typographical refinements (RS)
\MT@toks=\toks48
\MT@tempbox=\box76
\MT@count=\count341
LaTeX Info: Redefining \noprotrusionifhmode on input line 1061.
LaTeX Info: Redefining \leftprotrusion on input line 1062.
\MT@prot@toks=\toks49
LaTeX Info: Redefining \rightprotrusion on input line 1081.
LaTeX Info: Redefining \textls on input line 1392.
\MT@outer@kern=\dimen294
LaTeX Info: Redefining \textmicrotypecontext on input line 2013.
\MT@listname@count=\count342

(C:\Users\ELW00D\AppData\Local\Programs\MiKTeX\tex/latex/microtype\microtype-pd
ftex.def
File: microtype-pdftex.def 2024/03/29 v3.1b Definitions specific to pdftex (RS)

LaTeX Info: Redefining \lsstyle on input line 902.
LaTeX Info: Redefining \lslig on input line 902.
\MT@outer@space=\skip65
)
Package microtype Info: Loading configuration file microtype.cfg.

(C:\Users\ELW00D\AppData\Local\Programs\MiKTeX\tex/latex/microtype\microtype.cf
g
File: microtype.cfg 2024/03/29 v3.1b microtype main configuration file (RS)
)) (C:\Users\ELW00D\AppData\Local\Programs\MiKTeX\tex/latex/roboto\roboto.sty
Package: roboto 2022/09/10 (Bob Tennent) Supports Roboto fonts for all LaTeX en
gines.

(C:\Users\ELW00D\AppData\Local\Programs\MiKTeX\tex/generic/iftex\ifxetex.sty
Package: ifxetex 2019/10/25 v0.7 ifxetex legacy package. Use iftex instead.
)
(C:\Users\ELW00D\AppData\Local\Programs\MiKTeX\tex/generic/iftex\ifluatex.sty
Package: ifluatex 2019/10/25 v1.5 ifluatex legacy package. Use iftex instead.
)
(C:\Users\ELW00D\AppData\Local\Programs\MiKTeX\tex/latex/base\fontenc.sty
Package: fontenc 2021/04/29 v2.0v Standard LaTeX package
LaTeX Font Info:    Trying to load font information for T1+XCharter-TLF on inpu
t line 112.

(C:\Users\ELW00D\AppData\Local\Programs\MiKTeX\tex/latex/xcharter\t1xcharter-tl
f.fd
File: T1XCharter-TLF.fd 2017/06/25 (autoinst) Font definitions for T1/XCharter-
TLF.
)
LaTeX Font Info:    Font shape `T1/XCharter-TLF/m/n' will be
(Font)              scaled to size 10.0pt on input line 112.
))
(C:\Users\ELW00D\AppData\Local\Programs\MiKTeX\tex/latex/roboto\roboto-mono.sty
Package: roboto-mono 2022/09/10 (Bob Tennent) Supports RobotoMono fonts for all
 LaTeX engines.
(C:\Users\ELW00D\AppData\Local\Programs\MiKTeX\tex/latex/base\fontenc.sty
Package: fontenc 2021/04/29 v2.0v Standard LaTeX package
))
LaTeX Info: Redefining \LaTeX on input line 105.
))
(C:\Users\ELW00D\AppData\Local\Programs\MiKTeX\tex/latex/tuda-ci\beamercolorthe
meTUDa.sty
Package: beamercolorthemeTUDa 2024-01-22 v3.35

(C:\Users\ELW00D\AppData\Local\Programs\MiKTeX\tex/latex/tuda-ci\tudacolors.sty
Package: tudacolors 2024-04-21 v3.37 Color definition for TU Darmstadt's tuda-c
i bundle

(C:\Users\ELW00D\AppData\Local\Programs\MiKTeX\tex/latex/tuda-ci\tudacolors.def
File: tudacolors.def 2024-04-21 3.37 Color definitions for tuda-ci
)))
(C:\Users\ELW00D\AppData\Local\Programs\MiKTeX\tex/latex/tuda-ci\beamerouterthe
meTUDa.sty
Package: beamerouterthemeTUDa 2024-04-21 v3.37 Outer~beamer~theme~of~tuda-ci~de
sign~of~2023

(C:\Users\ELW00D\AppData\Local\Programs\MiKTeX\tex/latex/tuda-ci\tudarules.sty
Package: tudarules 2024-04-21 v3.37 Creation of colored bars for tuda-ci bundle

\g_ptxcd_titlerule_dim=\dimen295
\c_ptxcd_largerule_dim=\dimen296
\c_ptxcd_rulesep_dim=\dimen297
\c_ptxcd_smallrule_dim=\dimen298
\c_ptxcd_logoheight_dim=\dimen299

(C:\Users\ELW00D\AppData\Local\Programs\MiKTeX\tex/latex/l3packages/xparse\xpar
se.sty
(C:\Users\ELW00D\AppData\Local\Programs\MiKTeX\tex/latex/l3kernel\expl3.sty
Package: expl3 2024-04-11 L3 programming layer (loader) 

(C:\Users\ELW00D\AppData\Local\Programs\MiKTeX\tex/latex/l3backend\l3backend-pd
ftex.def
File: l3backend-pdftex.def 2024-04-11 L3 backend support: PDF output (pdfTeX)
\l__color_backend_stack_int=\count343
\l__pdf_internal_box=\box77
))
Package: xparse 2024-03-14 L3 Experimental document command parser
)
\l_ptxcd_headrule_width_dim=\dimen300
)
\l__ptxcd_beamer_extraindent_dim=\dimen301
\g__ptxcd_beamer_sep_dim=\dimen302
\g__ptxcd_beamer_logosep_dim=\dimen303
\g__ptxcd_logo_box=\box78
<images/tuda_logo.pdf, id=10, 156.48964pt x 62.59586pt>
File: images/tuda_logo.pdf Graphic file (type pdf)
<use images/tuda_logo.pdf>
Package pdftex.def Info: images/tuda_logo.pdf  used on input line 95.
(pdftex.def)             Requested size: 78.24463pt x 31.29802pt.
)
(C:\Users\ELW00D\AppData\Local\Programs\MiKTeX\tex/latex/tuda-ci\beamerinnerthe
meTUDa.sty
Package: beamerinnerthemeTUDa 2024-04-21 v3.37 Inner~beamer~theme~of~tuda-ci
\g__ptxcd_beamer_toc_col_int=\count344

(C:\Users\ELW00D\AppData\Local\Programs\MiKTeX\tex/latex/adjustbox\trimclip.sty
Package: trimclip 2020/08/19 v1.2 Trim and clip general TeX material

(C:\Users\ELW00D\AppData\Local\Programs\MiKTeX\tex/latex/collectbox\collectbox.
sty
Package: collectbox 2022/10/17 v0.4c Collect macro arguments as boxes
\collectedbox=\box79
)
(C:\Users\ELW00D\AppData\Local\Programs\MiKTeX\tex/latex/adjustbox\adjcalc.sty
Package: adjcalc 2012/05/16 v1.1 Provides advanced setlength with multiple back
-ends (calc, etex, pgfmath)
)
\tc@llx=\dimen304
\tc@lly=\dimen305
\tc@urx=\dimen306
\tc@ury=\dimen307
Package trimclip Info: Using driver 'tc-pdftex.def'.

(C:\Users\ELW00D\AppData\Local\Programs\MiKTeX\tex/latex/adjustbox\tc-pdftex.de
f
File: tc-pdftex.def 2019/01/04 v2.2 Clipping driver for pdftex
))
\l__ptxcd_titlegraphic_box=\box80
\l__ptxcd_titlehead_box=\box81
\l__ptxcd_titlegraphic_ht_dim=\dimen308
\l__ptxcd_titlegraphic_wd_dim=\dimen309

(C:\Users\ELW00D\AppData\Local\Programs\MiKTeX\tex/latex/tuda-ci\beamerinnerthe
meTUDa2023.sty
Package: beamerinnerthemeTUDa2023 2024-04-21 v3.37 Inner~beamer~theme~of~tuda-c
i,~Design~of~2023

(C:\Users\ELW00D\AppData\Local\Programs\MiKTeX\tex/latex/tools\multicol.sty
Package: multicol 2023/03/30 v1.9f multicolumn formatting (FMi)
\c@tracingmulticols=\count345
\mult@box=\box82
\multicol@leftmargin=\dimen310
\c@unbalance=\count346
\c@collectmore=\count347
\doublecol@number=\count348
\multicoltolerance=\count349
\multicolpretolerance=\count350
\full@width=\dimen311
\page@free=\dimen312
\premulticols=\dimen313
\postmulticols=\dimen314
\multicolsep=\skip66
\multicolbaselineskip=\skip67
\partial@page=\box83
\last@line=\box84
\mc@boxedresult=\box85
\maxbalancingoverflow=\dimen315
\mult@rightbox=\box86
\mult@grightbox=\box87
\mult@firstbox=\box88
\mult@gfirstbox=\box89
\@tempa=\box90
\@tempa=\box91
\@tempa=\box92
\@tempa=\box93
\@tempa=\box94
\@tempa=\box95
\@tempa=\box96
\@tempa=\box97
\@tempa=\box98
\@tempa=\box99
\@tempa=\box100
\@tempa=\box101
\@tempa=\box102
\@tempa=\box103
\@tempa=\box104
\@tempa=\box105
\@tempa=\box106
\@tempa=\box107
\@tempa=\box108
\@tempa=\box109
\@tempa=\box110
\@tempa=\box111
\@tempa=\box112
\@tempa=\box113
\@tempa=\box114
\@tempa=\box115
\@tempa=\box116
\@tempa=\box117
\@tempa=\box118
\@tempa=\box119
\@tempa=\box120
\@tempa=\box121
\@tempa=\box122
\@tempa=\box123
\@tempa=\box124
\@tempa=\box125
\c@minrows=\count351
\c@columnbadness=\count352
\c@finalcolumnbadness=\count353
\last@try=\dimen316
\multicolovershoot=\dimen317
\multicolundershoot=\dimen318
\mult@nat@firstbox=\box126
\colbreak@box=\box127
\mc@col@check@num=\count354
)
\g__ptxcd_partnerlogo_box=\box128
\l__ptxcd_partnerlogo_ht_dim=\dimen319
\l__ptxcd_partnerlogo_wd_dim=\dimen320
\g__ptxcd_sublogo_box=\box129
\l__ptxcd_sublogo_wd_dim=\dimen321
\l__ptxcd_sublogo_ht_dim=\dimen322
))) (WACE_SoSe24_PraesentationHausarbeitTeam03.len)
(WACE_SoSe24_PraesentationHausarbeitTeam03.len)
\tf@len=\write5
\openout5 = `WACE_SoSe24_PraesentationHausarbeitTeam03.len'.

)
(C:\Users\ELW00D\AppData\Local\Programs\MiKTeX\tex/generic/babel\babel.sty
Package: babel 2024/04/20 v24.4 The Babel package
\babel@savecnt=\count355
\U@D=\dimen323
\l@unhyphenated=\language79

(C:\Users\ELW00D\AppData\Local\Programs\MiKTeX\tex/generic/babel\txtbabel.def)
\bbl@readstream=\read3
LaTeX Info: Redefining \textlatin on input line 3930.
\bbl@dirlevel=\count356

*************************************
* Local config file bblopts.cfg used
*
(C:\Users\ELW00D\AppData\Local\Programs\MiKTeX\tex/latex/arabi\bblopts.cfg
File: bblopts.cfg 2005/09/08 v0.1 add Arabic and Farsi to "declared" options of
 babel
)
(C:\Users\ELW00D\AppData\Local\Programs\MiKTeX\tex/latex/babel-german\german.ld
f
Language: german 2024/01/19 v2.14 German support for babel (pre-1996 orthograph
y)

(C:\Users\ELW00D\AppData\Local\Programs\MiKTeX\tex/latex/babel-german\germanb.l
df
Language: germanb 2024/01/19 v2.14 German support for babel (pre-1996 orthograp
hy)
Package babel Info: Making " an active character on input line 139.
))
(C:\Users\ELW00D\AppData\Local\Programs\MiKTeX\tex/latex/babel-german\ngerman.l
df
Language: ngerman 2024/01/19 v2.14 German support for babel (post-1996 orthogra
phy)

(C:\Users\ELW00D\AppData\Local\Programs\MiKTeX\tex/latex/babel-german\ngermanb.
ldf
Language: ngermanb 2024/01/19 v2.14 German support for babel (post-1996 orthogr
aphy)
)))
(C:\Users\ELW00D\AppData\Local\Programs\MiKTeX\tex/generic/babel/locale/de\babe
l-ngerman.tex
Package babel Info: Importing font and identification data for ngerman
(babel)             from babel-de.ini. Reported on input line 11.
)
(C:\Users\ELW00D\AppData\Local\Programs\MiKTeX\tex/generic/babel/locale/de\babe
l-german.tex
Package babel Info: Importing font and identification data for german
(babel)             from babel-de.ini. Reported on input line 25.
)
(C:\Users\ELW00D\AppData\Local\Programs\MiKTeX\tex/latex/csquotes\csquotes.sty
Package: csquotes 2024-04-04 v5.2o context-sensitive quotations (JAW)
\csq@reset=\count357
\csq@gtype=\count358
\csq@glevel=\count359
\csq@qlevel=\count360
\csq@maxlvl=\count361
\csq@tshold=\count362
\csq@ltx@everypar=\toks50

(C:\Users\ELW00D\AppData\Local\Programs\MiKTeX\tex/latex/csquotes\csquotes.def
File: csquotes.def 2024-04-04 v5.2o csquotes generic definitions (JAW)
)
Package csquotes Info: Trying to load configuration file 'csquotes.cfg'...
Package csquotes Info: ... configuration file loaded successfully.
(C:\Users\ELW00D\AppData\Local\Programs\MiKTeX\tex/latex/csquotes\csquotes.cfg
File: csquotes.cfg 
)
Package csquotes Info: Option 'babel' depreciated.
(csquotes)             Using 'autostyle'.
Package csquotes Info: Enabling multilingual quotes.
) (C:\Users\ELW00D\AppData\Local\Programs\MiKTeX\tex/latex/media9\media9.sty
Package: media9 2022/08/04 v1.25 acrobat-9/X compatible media
\g_mix_pkgresizeflag_int=\count363

(C:\Users\ELW00D\AppData\Local\Programs\MiKTeX\tex/latex/media9\pdfbase.sty
Package: pdfbase 2022/08/04 v0.55 driver independent access to low-level PDF fe
atures
\g_pbs_page_int=\count364
\g_pbs_oc_int=\count365
)
(C:\Users\ELW00D\AppData\Local\Programs\MiKTeX\tex/latex/ocgx2\ocgbase.sty
Package: ocgbase 2022/08/04 v0.22 support package for ocgx2.sty
\g_ocgbase_nd_int=\count366
)
\l_mix_poster_box=\box130
\g_mix_wd_dim=\dimen324
\g_mix_ht_dim=\dimen325
\g_mix_dp_dim=\dimen326
\g_mix_rmcnt_int=\count367
\l_mix_viewcnt_int=\count368
\g@mix@page@int=\count369
\g_mix_resizeflag_int=\count370
\l_mix_lineno_int=\count371
\l_mix_pbtn_box=\box131
\g_mix_mbtncnt_int=\count372
\mix@btn@dim=\dimen327
)
(C:\Users\ELW00D\AppData\Local\Programs\MiKTeX\tex/latex/animate\animate.sty
Package: animate 2023/06/18 PDF & SVG animations from files and inline graphics


(C:\Users\ELW00D\AppData\Local\Programs\MiKTeX\tex/latex/oberdiek\ifdraft.sty
Package: ifdraft 2016/05/16 v1.4 Detect class options draft and final (HO)
)
(C:\Users\ELW00D\AppData\Local\Programs\MiKTeX\tex/latex/tools\calc.sty
Package: calc 2023/07/08 v4.3 Infix arithmetic (KKT,FJ)
\calc@Acount=\count373
\calc@Bcount=\count374
\calc@Adimen=\dimen328
\calc@Bdimen=\dimen329
\calc@Askip=\skip68
\calc@Bskip=\skip69
LaTeX Info: Redefining \setlength on input line 80.
LaTeX Info: Redefining \addtolength on input line 81.
\calc@Ccount=\count375
\calc@Cskip=\skip70
)
(C:\Users\ELW00D\AppData\Local\Programs\MiKTeX\tex/latex/zref\zref-abspage.sty
Package: zref-abspage 2023-09-14 v2.35 Module abspage for zref (HO)

(C:\Users\ELW00D\AppData\Local\Programs\MiKTeX\tex/latex/zref\zref-base.sty
Package: zref-base 2023-09-14 v2.35 Module base for zref (HO)

(C:\Users\ELW00D\AppData\Local\Programs\MiKTeX\tex/generic/etexcmds\etexcmds.st
y
Package: etexcmds 2019/12/15 v1.7 Avoid name clashes with e-TeX commands (HO)
)
Package zref Info: New property list: main on input line 767.
Package zref Info: New property: default on input line 768.
Package zref Info: New property: page on input line 769.
)
\c@abspage=\count376
Package zref Info: New property: abspage on input line 67.
)
\@anim@box=\box132
\@anim@measbox=\box133
\@anim@tmpdima=\dimen330
\@anim@tmpdimb=\dimen331
\@anim@num=\count377
\@anim@curframe=\count378
\@anim@curframe@zb=\count379
\@anim@resizeflags=\count380
\@anim@skipfram=\count381
\@anim@mulframecnt=\count382
\@anim@@tmlnfile=\read4
\@anim@tmpcnt=\count383
\c@@anim@ltxcnt=\count384
\@anim@curlayer=\count385
\@anim@lineno=\count386
\@anim@curfield=\count387
\@anim@@resizeflags=\count388
)
(C:\Users\ELW00D\AppData\Local\Programs\MiKTeX\tex/latex/textpos\textpos.sty
Package: textpos 2022/07/23 v1.10.1
Package textpos Info: choosing support for LaTeX3 on input line 60.
\TP@textbox=\box134
\TPHorizModule=\dimen332
\TPVertModule=\dimen333
\TP@margin=\dimen334
\TP@absmargin=\dimen335

Grid set 16 x 16 = 28.45274pt x 16.00467pt
\TPboxrulesize=\dimen336
\TP@tbargs=\toks51
)
(C:\Users\ELW00D\AppData\Local\Programs\MiKTeX\tex/latex/tuda-ci\tuda-pgfplots.
sty
Package: tuda-pgfplots 2024-04-21 3.37 tuda-ci pgfplots color schemes

(C:\Users\ELW00D\AppData\Local\Programs\MiKTeX\tex/latex/pgfplots\pgfplots.sty
(C:\Users\ELW00D\AppData\Local\Programs\MiKTeX\tex/generic/pgfplots\pgfplots.re
vision.tex)
Package: pgfplots 2021/05/15 v1.18.1 Data Visualization (1.18.1)

(C:\Users\ELW00D\AppData\Local\Programs\MiKTeX\tex/latex/pgf/frontendlayer\tikz
.sty
(C:\Users\ELW00D\AppData\Local\Programs\MiKTeX\tex/latex/pgf/basiclayer\pgf.sty
Package: pgf 2023-01-15 v3.1.10 (3.1.10)

(C:\Users\ELW00D\AppData\Local\Programs\MiKTeX\tex/generic/pgf/modules\pgfmodul
eshapes.code.tex
File: pgfmoduleshapes.code.tex 2023-01-15 v3.1.10 (3.1.10)
\pgfnodeparttextbox=\box135
)
(C:\Users\ELW00D\AppData\Local\Programs\MiKTeX\tex/generic/pgf/modules\pgfmodul
eplot.code.tex
File: pgfmoduleplot.code.tex 2023-01-15 v3.1.10 (3.1.10)
)
(C:\Users\ELW00D\AppData\Local\Programs\MiKTeX\tex/latex/pgf/compatibility\pgfc
omp-version-0-65.sty
Package: pgfcomp-version-0-65 2023-01-15 v3.1.10 (3.1.10)
\pgf@nodesepstart=\dimen337
\pgf@nodesepend=\dimen338
)
(C:\Users\ELW00D\AppData\Local\Programs\MiKTeX\tex/latex/pgf/compatibility\pgfc
omp-version-1-18.sty
Package: pgfcomp-version-1-18 2023-01-15 v3.1.10 (3.1.10)
))
(C:\Users\ELW00D\AppData\Local\Programs\MiKTeX\tex/latex/pgf/utilities\pgffor.s
ty
(C:\Users\ELW00D\AppData\Local\Programs\MiKTeX\tex/generic/pgf/utilities\pgffor
.code.tex
Package: pgffor 2023-01-15 v3.1.10 (3.1.10)
\pgffor@iter=\dimen339
\pgffor@skip=\dimen340
\pgffor@stack=\toks52
\pgffor@toks=\toks53
))
(C:\Users\ELW00D\AppData\Local\Programs\MiKTeX\tex/generic/pgf/frontendlayer/ti
kz\tikz.code.tex
Package: tikz 2023-01-15 v3.1.10 (3.1.10)

(C:\Users\ELW00D\AppData\Local\Programs\MiKTeX\tex/generic/pgf/libraries\pgflib
raryplothandlers.code.tex
File: pgflibraryplothandlers.code.tex 2023-01-15 v3.1.10 (3.1.10)
\pgf@plot@mark@count=\count389
\pgfplotmarksize=\dimen341
)
\tikz@lastx=\dimen342
\tikz@lasty=\dimen343
\tikz@lastxsaved=\dimen344
\tikz@lastysaved=\dimen345
\tikz@lastmovetox=\dimen346
\tikz@lastmovetoy=\dimen347
\tikzleveldistance=\dimen348
\tikzsiblingdistance=\dimen349
\tikz@figbox=\box136
\tikz@figbox@bg=\box137
\tikz@tempbox=\box138
\tikz@tempbox@bg=\box139
\tikztreelevel=\count390
\tikznumberofchildren=\count391
\tikznumberofcurrentchild=\count392
\tikz@fig@count=\count393

(C:\Users\ELW00D\AppData\Local\Programs\MiKTeX\tex/generic/pgf/modules\pgfmodul
ematrix.code.tex
File: pgfmodulematrix.code.tex 2023-01-15 v3.1.10 (3.1.10)
\pgfmatrixcurrentrow=\count394
\pgfmatrixcurrentcolumn=\count395
\pgf@matrix@numberofcolumns=\count396
)
\tikz@expandcount=\count397

(C:\Users\ELW00D\AppData\Local\Programs\MiKTeX\tex/generic/pgf/frontendlayer/ti
kz/libraries\tikzlibrarytopaths.code.tex
File: tikzlibrarytopaths.code.tex 2023-01-15 v3.1.10 (3.1.10)
)))
(C:\Users\ELW00D\AppData\Local\Programs\MiKTeX\tex/generic/pgfplots\pgfplots.co
de.tex
(C:\Users\ELW00D\AppData\Local\Programs\MiKTeX\tex/generic/pgfplots\pgfplotscor
e.code.tex
\t@pgfplots@toka=\toks54
\t@pgfplots@tokb=\toks55
\t@pgfplots@tokc=\toks56
\pgfplots@tmpa=\dimen350
\c@pgfplots@coordindex=\count398
\c@pgfplots@scanlineindex=\count399

(C:\Users\ELW00D\AppData\Local\Programs\MiKTeX\tex/generic/pgfplots/sys\pgfplot
ssysgeneric.code.tex))
(C:\Users\ELW00D\AppData\Local\Programs\MiKTeX\tex/generic/pgfplots/libs\pgfplo
tslibrary.code.tex)
(C:\Users\ELW00D\AppData\Local\Programs\MiKTeX\tex/generic/pgfplots/oldpgfcompa
tib\pgfplotsoldpgfsupp_loader.code.tex
(C:\Users\ELW00D\AppData\Local\Programs\MiKTeX\tex/generic/pgf/libraries\pgflib
raryfpu.code.tex)
Package pgfplots: loading complementary utilities for your pgf version...
\t@pgf@toka=\toks57
\t@pgf@tokb=\toks58
\t@pgf@tokc=\toks59

(C:\Users\ELW00D\AppData\Local\Programs\MiKTeX\tex/generic/pgfplots/oldpgfcompa
tib\pgfplotsoldpgfsupp_pgfutil-common-lists.tex))
(C:\Users\ELW00D\AppData\Local\Programs\MiKTeX\tex/generic/pgfplots/util\pgfplo
tsutil.code.tex
(C:\Users\ELW00D\AppData\Local\Programs\MiKTeX\tex/generic/pgfplots/liststructu
re\pgfplotsliststructure.code.tex)
(C:\Users\ELW00D\AppData\Local\Programs\MiKTeX\tex/generic/pgfplots/liststructu
re\pgfplotsliststructureext.code.tex)
(C:\Users\ELW00D\AppData\Local\Programs\MiKTeX\tex/generic/pgfplots/liststructu
re\pgfplotsarray.code.tex
\c@pgfplotsarray@tmp=\count400
)
(C:\Users\ELW00D\AppData\Local\Programs\MiKTeX\tex/generic/pgfplots/liststructu
re\pgfplotsmatrix.code.tex)
(C:\Users\ELW00D\AppData\Local\Programs\MiKTeX\tex/generic/pgfplots/numtable\pg
fplotstableshared.code.tex
\c@pgfplotstable@counta=\count401
\t@pgfplotstable@a=\toks60
)
(C:\Users\ELW00D\AppData\Local\Programs\MiKTeX\tex/generic/pgfplots/liststructu
re\pgfplotsdeque.code.tex)
(C:\Users\ELW00D\AppData\Local\Programs\MiKTeX\tex/generic/pgfplots/util\pgfplo
tsbinary.code.tex
(C:\Users\ELW00D\AppData\Local\Programs\MiKTeX\tex/generic/pgfplots/util\pgfplo
tsbinary.data.code.tex))
(C:\Users\ELW00D\AppData\Local\Programs\MiKTeX\tex/generic/pgfplots/util\pgfplo
tsutil.verb.code.tex)
(C:\Users\ELW00D\AppData\Local\Programs\MiKTeX\tex/generic/pgfplots/libs\pgflib
rarypgfplots.surfshading.code.tex
\c@pgfplotslibrarysurf@no=\count402

(C:\Users\ELW00D\AppData\Local\Programs\MiKTeX\tex/generic/pgfplots/sys\pgflibr
arypgfplots.surfshading.pgfsys-pdftex.def)))
(C:\Users\ELW00D\AppData\Local\Programs\MiKTeX\tex/generic/pgfplots/util\pgfplo
tscolormap.code.tex
(C:\Users\ELW00D\AppData\Local\Programs\MiKTeX\tex/generic/pgfplots/util\pgfplo
tscolor.code.tex))
(C:\Users\ELW00D\AppData\Local\Programs\MiKTeX\tex/generic/pgfplots\pgfplotssta
ckedplots.code.tex)
(C:\Users\ELW00D\AppData\Local\Programs\MiKTeX\tex/generic/pgfplots\pgfplotsplo
thandlers.code.tex
(C:\Users\ELW00D\AppData\Local\Programs\MiKTeX\tex/generic/pgfplots\pgfplotsmes
hplothandler.code.tex
(C:\Users\ELW00D\AppData\Local\Programs\MiKTeX\tex/generic/pgfplots\pgfplotsmes
hplotimage.code.tex)))
(C:\Users\ELW00D\AppData\Local\Programs\MiKTeX\tex/generic/pgfplots\pgfplots.sc
aling.code.tex)
(C:\Users\ELW00D\AppData\Local\Programs\MiKTeX\tex/generic/pgfplots\pgfplotscoo
rdprocessing.code.tex)
(C:\Users\ELW00D\AppData\Local\Programs\MiKTeX\tex/generic/pgfplots\pgfplots.er
rorbars.code.tex)
(C:\Users\ELW00D\AppData\Local\Programs\MiKTeX\tex/generic/pgfplots\pgfplots.ma
rkers.code.tex)
(C:\Users\ELW00D\AppData\Local\Programs\MiKTeX\tex/generic/pgfplots\pgfplotstic
ks.code.tex)
(C:\Users\ELW00D\AppData\Local\Programs\MiKTeX\tex/generic/pgfplots\pgfplots.pa
ths.code.tex)
(C:\Users\ELW00D\AppData\Local\Programs\MiKTeX\tex/generic/pgf/frontendlayer/ti
kz/libraries\tikzlibrarydecorations.code.tex
(C:\Users\ELW00D\AppData\Local\Programs\MiKTeX\tex/generic/pgf/modules\pgfmodul
edecorations.code.tex
\pgfdecoratedcompleteddistance=\dimen351
\pgfdecoratedremainingdistance=\dimen352
\pgfdecoratedinputsegmentcompleteddistance=\dimen353
\pgfdecoratedinputsegmentremainingdistance=\dimen354
\pgf@decorate@distancetomove=\dimen355
\pgf@decorate@repeatstate=\count403
\pgfdecorationsegmentamplitude=\dimen356
\pgfdecorationsegmentlength=\dimen357
)
\tikz@lib@dec@box=\box140
)
(C:\Users\ELW00D\AppData\Local\Programs\MiKTeX\tex/generic/pgf/frontendlayer/ti
kz/libraries\tikzlibrarydecorations.pathmorphing.code.tex
(C:\Users\ELW00D\AppData\Local\Programs\MiKTeX\tex/generic/pgf/libraries/decora
tions\pgflibrarydecorations.pathmorphing.code.tex))
(C:\Users\ELW00D\AppData\Local\Programs\MiKTeX\tex/generic/pgf/frontendlayer/ti
kz/libraries\tikzlibrarydecorations.pathreplacing.code.tex
(C:\Users\ELW00D\AppData\Local\Programs\MiKTeX\tex/generic/pgf/libraries/decora
tions\pgflibrarydecorations.pathreplacing.code.tex))
(C:\Users\ELW00D\AppData\Local\Programs\MiKTeX\tex/generic/pgfplots/libs\tikzli
brarypgfplots.contourlua.code.tex)
\pgfplots@numplots=\count404
\pgfplots@xmin@reg=\dimen358
\pgfplots@xmax@reg=\dimen359
\pgfplots@ymin@reg=\dimen360
\pgfplots@ymax@reg=\dimen361
\pgfplots@zmin@reg=\dimen362
\pgfplots@zmax@reg=\dimen363
)
(C:\Users\ELW00D\AppData\Local\Programs\MiKTeX\tex/generic/pgf/frontendlayer/ti
kz/libraries\tikzlibraryplotmarks.code.tex
File: tikzlibraryplotmarks.code.tex 2023-01-15 v3.1.10 (3.1.10)

(C:\Users\ELW00D\AppData\Local\Programs\MiKTeX\tex/generic/pgf/libraries\pgflib
raryplotmarks.code.tex
File: pgflibraryplotmarks.code.tex 2023-01-15 v3.1.10 (3.1.10)
))))
(C:\Users\ELW00D\AppData\Local\Programs\MiKTeX\tex/latex/base\inputenc.sty
Package: inputenc 2021/02/14 v1.3d Input encoding file
\inpenc@prehook=\toks61
\inpenc@posthook=\toks62
)
(C:\Users\ELW00D\AppData\Local\Programs\MiKTeX\tex/latex/caption\subcaption.sty
Package: subcaption 2023/07/28 v1.6b Sub-captions (AR)
(C:\Users\ELW00D\AppData\Local\Programs\MiKTeX\tex/latex/caption\caption.sty
Package: caption 2023/08/05 v3.6o Customizing captions (AR)

(C:\Users\ELW00D\AppData\Local\Programs\MiKTeX\tex/latex/caption\caption3.sty
Package: caption3 2023/07/31 v2.4d caption3 kernel (AR)
\caption@tempdima=\dimen364
\captionmargin=\dimen365
\caption@leftmargin=\dimen366
\caption@rightmargin=\dimen367
\caption@width=\dimen368
\caption@indent=\dimen369
\caption@parindent=\dimen370
\caption@hangindent=\dimen371
Package caption Info: beamer document class detected.

(C:\Users\ELW00D\AppData\Local\Programs\MiKTeX\tex/latex/caption\caption-beamer
.sto
File: caption-beamer.sto 2022/01/06 v2.0c Adaption of the caption package to th
e beamer document classes (AR)
))
\c@caption@flags=\count405
\c@continuedfloat=\count406
Package caption Info: hyperref package is loaded.
Package caption Info: Hyperref support is turned off
(caption)             because hyperref has stopped early.
)
Package caption Info: New subtype `subfigure' on input line 238.
\c@subfigure=\count407
Package caption Info: New subtype `subtable' on input line 238.
\c@subtable=\count408
)
(C:\Users\ELW00D\AppData\Local\Programs\MiKTeX\tex/latex/siunits\SIunits.sty
Package: SIunits 2007/12/02 v1.36 Support for the International System of units
 (MH)


\@qskwidth=\skip71
LaTeX Font Info:    Redeclaring font encoding TS1 on input line 46.
\symgreek=\mathgroup6
(C:\Users\ELW00D\AppData\Local\Programs\MiKTeX\tex/latex/siunits\SIunits.cfg)
Option `squaren' provided!
)
<images/ce_logo_black.pdf, id=11, 463.50969pt x 427.13579pt>
File: images/ce_logo_black.pdf Graphic file (type pdf)
<use images/ce_logo_black.pdf>
Package pdftex.def Info: images/ce_logo_black.pdf  used on input line 41.
(pdftex.def)             Requested size: 21.60672pt x 19.91684pt.
LaTeX Info: Redefining \oldstylenums on input line 50.
LaTeX Font Info:    Trying to load font information for T1+Roboto-LF on input l
ine 50.

(C:\Users\ELW00D\AppData\Local\Programs\MiKTeX\tex/latex/roboto\t1roboto-lf.fd
File: T1Roboto-LF.fd 2019/12/11 (autoinst) Font definitions for T1/Roboto-LF.
)
LaTeX Font Info:    Font shape `T1/Roboto-LF/m/n' aliased to
(Font)              `T1/Roboto-LF/regular/n' on input line 50.
LaTeX Font Info:    Font shape `T1/Roboto-LF/regular/n' will be
(Font)              scaled to size 10.0pt on input line 50.

Package csquotes Warning: Load 'inputenc' before 'csquotes' on input line 50.

Package csquotes Info: Checking for multilingual support...
Package csquotes Info: ... found 'babel' package.
(WACE_SoSe24_PraesentationHausarbeitTeam03.aux)
\openout1 = `WACE_SoSe24_PraesentationHausarbeitTeam03.aux'.

LaTeX Font Info:    Checking defaults for OML/cmm/m/it on input line 50.
LaTeX Font Info:    ... okay on input line 50.
LaTeX Font Info:    Checking defaults for OMS/cmsy/m/n on input line 50.
LaTeX Font Info:    ... okay on input line 50.
LaTeX Font Info:    Checking defaults for OT1/cmr/m/n on input line 50.
LaTeX Font Info:    ... okay on input line 50.
LaTeX Font Info:    Checking defaults for T1/cmr/m/n on input line 50.
LaTeX Font Info:    ... okay on input line 50.
LaTeX Font Info:    Checking defaults for TS1/cmr/m/n on input line 50.
LaTeX Font Info:    ... okay on input line 50.
LaTeX Font Info:    Checking defaults for OMX/cmex/m/n on input line 50.
LaTeX Font Info:    ... okay on input line 50.
LaTeX Font Info:    Checking defaults for U/cmr/m/n on input line 50.
LaTeX Font Info:    ... okay on input line 50.
LaTeX Font Info:    Checking defaults for PD1/pdf/m/n on input line 50.
LaTeX Font Info:    ... okay on input line 50.
LaTeX Font Info:    Checking defaults for PU/pdf/m/n on input line 50.
LaTeX Font Info:    ... okay on input line 50.

*geometry* driver: auto-detecting
*geometry* detected driver: pdftex
*geometry* verbose mode - [ preamble ] result:
* driver: pdftex
* paper: custom
* layout: <same size as paper>
* layoutoffset:(h,v)=(0.0pt,0.0pt)
* modes: includehead includefoot 
* h-part:(L,W,R)=(13.38953pt, 429.87445pt, 11.9801pt)
* v-part:(T,H,B)=(0.0pt, 256.0748pt, 0.0pt)
* \paperwidth=455.24408pt
* \paperheight=256.0748pt
* \textwidth=429.87445pt
* \textheight=227.62207pt
* \oddsidemargin=-58.88046pt
* \evensidemargin=-58.88046pt
* \topmargin=-72.26999pt
* \headheight=14.22636pt
* \headsep=0.0pt
* \topskip=10.0pt
* \footskip=14.22636pt
* \marginparwidth=3.0pt
* \marginparsep=11.0pt
* \columnsep=10.0pt
* \skip\footins=9.0pt plus 4.0pt minus 2.0pt
* \hoffset=0.0pt
* \voffset=0.0pt
* \mag=1000
* \@twocolumnfalse
* \@twosidefalse
* \@mparswitchfalse
* \@reversemarginfalse
* (1in=72.27pt=25.4mm, 1cm=28.453pt)


(C:\Users\ELW00D\AppData\Local\Programs\MiKTeX\tex/context/base/mkii\supp-pdf.m
kii
[Loading MPS to PDF converter (version 2006.09.02).]
\scratchcounter=\count409
\scratchdimen=\dimen372
\scratchbox=\box141
\nofMPsegments=\count410
\nofMParguments=\count411
\everyMPshowfont=\toks63
\MPscratchCnt=\count412
\MPscratchDim=\dimen373
\MPnumerator=\count413
\makeMPintoPDFobject=\count414
\everyMPtoPDFconversion=\toks64
)
(C:\Users\ELW00D\AppData\Local\Programs\MiKTeX\tex/latex/epstopdf-pkg\epstopdf-
base.sty
Package: epstopdf-base 2020-01-24 v2.11 Base part for package epstopdf

(C:\Users\ELW00D\AppData\Local\Programs\MiKTeX\tex/latex/grfext\grfext.sty
Package: grfext 2019/12/03 v1.3 Manage graphics extensions (HO)
)
Package epstopdf-base Info: Redefining graphics rule for `.eps' on input line 4
85.
Package grfext Info: Graphics extension search list:
(grfext)             [.pdf,.png,.jpg,.mps,.jpeg,.jbig2,.jb2,.PDF,.PNG,.JPG,.JPE
G,.JBIG2,.JB2,.eps]
(grfext)             \AppendGraphicsExtensions on input line 504.

(C:\Users\ELW00D\AppData\Local\Programs\MiKTeX\tex/latex/00miktex\epstopdf-sys.
cfg
File: epstopdf-sys.cfg 2021/03/18 v2.0 Configuration of epstopdf for MiKTeX
))
Package hyperref Info: Link coloring OFF on input line 50.
 (WACE_SoSe24_PraesentationHausarbeitTeam03.out)
(WACE_SoSe24_PraesentationHausarbeitTeam03.out)
\@outlinefile=\write6
\openout6 = `WACE_SoSe24_PraesentationHausarbeitTeam03.out'.

LaTeX Font Info:    Overwriting symbol font `operators' in version `normal'
(Font)                  OT1/cmr/m/n --> OT1/cmss/m/n on input line 50.
LaTeX Font Info:    Overwriting symbol font `operators' in version `bold'
(Font)                  OT1/cmr/bx/n --> OT1/cmss/b/n on input line 50.
\symnumbers=\mathgroup7
\sympureletters=\mathgroup8
LaTeX Font Info:    Overwriting math alphabet `\mathrm' in version `normal'
(Font)                  OT1/cmss/m/n --> T1/XCharter-TLF/m/n on input line 50.
LaTeX Font Info:    Redeclaring math alphabet \mathbf on input line 50.
LaTeX Font Info:    Overwriting math alphabet `\mathbf' in version `normal'
(Font)                  OT1/cmr/bx/n --> T1/Roboto-LF/b/n on input line 50.
LaTeX Font Info:    Overwriting math alphabet `\mathbf' in version `bold'
(Font)                  OT1/cmr/bx/n --> T1/Roboto-LF/b/n on input line 50.
LaTeX Font Info:    Redeclaring math alphabet \mathsf on input line 50.
LaTeX Font Info:    Overwriting math alphabet `\mathsf' in version `normal'
(Font)                  OT1/cmss/m/n --> T1/Roboto-LF/m/n on input line 50.
LaTeX Font Info:    Overwriting math alphabet `\mathsf' in version `bold'
(Font)                  OT1/cmss/bx/n --> T1/Roboto-LF/m/n on input line 50.
LaTeX Font Info:    Redeclaring math alphabet \mathit on input line 50.
LaTeX Font Info:    Overwriting math alphabet `\mathit' in version `normal'
(Font)                  OT1/cmr/m/it --> T1/Roboto-LF/m/it on input line 50.
LaTeX Font Info:    Overwriting math alphabet `\mathit' in version `bold'
(Font)                  OT1/cmr/bx/it --> T1/Roboto-LF/m/it on input line 50.
LaTeX Font Info:    Redeclaring math alphabet \mathtt on input line 50.
LaTeX Font Info:    Overwriting math alphabet `\mathtt' in version `normal'
(Font)                  OT1/cmtt/m/n --> T1/RobotoMono-TLF/m/n on input line 50
.
LaTeX Font Info:    Overwriting math alphabet `\mathtt' in version `bold'
(Font)                  OT1/cmtt/m/n --> T1/RobotoMono-TLF/m/n on input line 50
.
LaTeX Font Info:    Overwriting symbol font `numbers' in version `bold'
(Font)                  T1/Roboto-LF/m/n --> T1/Roboto-LF/b/n on input line 50.

LaTeX Font Info:    Overwriting symbol font `pureletters' in version `bold'
(Font)                  T1/Roboto-LF/m/it --> T1/Roboto-LF/b/it on input line 5
0.
LaTeX Font Info:    Overwriting math alphabet `\mathrm' in version `bold'
(Font)                  OT1/cmss/b/n --> T1/XCharter-TLF/b/n on input line 50.
LaTeX Font Info:    Overwriting math alphabet `\mathbf' in version `bold'
(Font)                  T1/Roboto-LF/b/n --> T1/Roboto-LF/b/n on input line 50.

LaTeX Font Info:    Overwriting math alphabet `\mathsf' in version `bold'
(Font)                  T1/Roboto-LF/m/n --> T1/Roboto-LF/b/n on input line 50.

LaTeX Font Info:    Overwriting math alphabet `\mathit' in version `bold'
(Font)                  T1/Roboto-LF/m/it --> T1/Roboto-LF/b/it on input line 5
0.
LaTeX Font Info:    Overwriting math alphabet `\mathtt' in version `bold'
(Font)                  T1/RobotoMono-TLF/m/n --> T1/RobotoMono-TLF/b/n on inpu
t line 50.

(C:\Users\ELW00D\AppData\Local\Programs\MiKTeX\tex/latex/translator\translator-
basic-dictionary-English.dict
Dictionary: translator-basic-dictionary, Language: English 
)
(C:\Users\ELW00D\AppData\Local\Programs\MiKTeX\tex/latex/translator\translator-
basic-dictionary-German.dict
Dictionary: translator-basic-dictionary, Language: German 
)
(C:\Users\ELW00D\AppData\Local\Programs\MiKTeX\tex/latex/translator\translator-
bibliography-dictionary-English.dict
Dictionary: translator-bibliography-dictionary, Language: English 
)
(C:\Users\ELW00D\AppData\Local\Programs\MiKTeX\tex/latex/translator\translator-
bibliography-dictionary-German.dict
Dictionary: translator-bibliography-dictionary, Language: German 
)
(C:\Users\ELW00D\AppData\Local\Programs\MiKTeX\tex/latex/translator\translator-
environment-dictionary-English.dict
Dictionary: translator-environment-dictionary, Language: English 
)
(C:\Users\ELW00D\AppData\Local\Programs\MiKTeX\tex/latex/translator\translator-
environment-dictionary-German.dict
Dictionary: translator-environment-dictionary, Language: German 
)
(C:\Users\ELW00D\AppData\Local\Programs\MiKTeX\tex/latex/translator\translator-
months-dictionary-English.dict
Dictionary: translator-months-dictionary, Language: English 
)
(C:\Users\ELW00D\AppData\Local\Programs\MiKTeX\tex/latex/translator\translator-
months-dictionary-German.dict
Dictionary: translator-months-dictionary, Language: German 
)
(C:\Users\ELW00D\AppData\Local\Programs\MiKTeX\tex/latex/translator\translator-
numbers-dictionary-English.dict
Dictionary: translator-numbers-dictionary, Language: English 
)
(C:\Users\ELW00D\AppData\Local\Programs\MiKTeX\tex/latex/translator\translator-
numbers-dictionary-German.dict
Dictionary: translator-numbers-dictionary, Language: German 
)
(C:\Users\ELW00D\AppData\Local\Programs\MiKTeX\tex/latex/translator\translator-
theorem-dictionary-English.dict
Dictionary: translator-theorem-dictionary, Language: English 
)
(C:\Users\ELW00D\AppData\Local\Programs\MiKTeX\tex/latex/translator\translator-
theorem-dictionary-German.dict
Dictionary: translator-theorem-dictionary, Language: German 
)
\c@mv@tabular=\count415
\c@mv@boldtabular=\count416
LaTeX Info: Redefining \microtypecontext on input line 50.
Package microtype Info: Applying patch `item' on input line 50.
Package microtype Info: Applying patch `toc' on input line 50.
Package microtype Info: Applying patch `eqnum' on input line 50.
Package microtype Info: Applying patch `footnote' on input line 50.
Package microtype Info: Applying patch `verbatim' on input line 50.
Package microtype Info: Generating PDF output.
Package microtype Info: Character protrusion enabled (level 2).
Package microtype Info: Using default protrusion set `alltext'.
Package microtype Info: Automatic font expansion enabled (level 2),
(microtype)             stretch: 20, shrink: 20, step: 1, non-selected.
Package microtype Info: Using default expansion set `alltext-nott'.
LaTeX Info: Redefining \showhyphens on input line 50.
Package microtype Info: No adjustment of tracking.
Package microtype Info: No adjustment of interword spacing.
Package microtype Info: No adjustment of character kerning.
Package microtype Info: Loading generic protrusion settings for font family
(microtype)             `Roboto-LF' (encoding: T1).
(microtype)             For optimal results, create family-specific settings.
(microtype)             See the microtype manual for details.


Package pgfplots Warning: running in backwards compatibility mode (unsuitable t
ick labels; missing features). Consider writing \pgfplotsset{compat=1.18} into 
your preamble.
 on input line 50.

Package caption Info: Begin \AtBeginDocument code.
Package caption Info: End \AtBeginDocument code.
Option `squaren' provided! 
 Command \squaren defined by SIunits package!

(WACE_SoSe24_PraesentationHausarbeitTeam03.nav)
LaTeX Font Info:    Font shape `T1/Roboto-LF/m/n' aliased to
(Font)              `T1/Roboto-LF/regular/n' on input line 50.
LaTeX Font Info:    Font shape `T1/Roboto-LF/regular/n' will be
(Font)              scaled to size 5.0pt on input line 50.
LaTeX Font Info:    Font shape `T1/Roboto-LF/m/n' aliased to
(Font)              `T1/Roboto-LF/regular/n' on input line 50.
LaTeX Font Info:    Font shape `T1/Roboto-LF/regular/n' will be
(Font)              scaled to size 3.8pt on input line 50.
LaTeX Font Info:    Font shape `T1/Roboto-LF/eb/n' aliased to
(Font)              `T1/Roboto-LF/black/n' on input line 50.
LaTeX Font Info:    Font shape `T1/Roboto-LF/black/n' will be
(Font)              scaled to size 5.0pt on input line 50.
Package microtype Info: Loading generic protrusion settings for font family
(microtype)             `cmss' (encoding: OT1).
(microtype)             For optimal results, create family-specific settings.
(microtype)             See the microtype manual for details.
LaTeX Font Info:    Trying to load font information for U+msa on input line 50.


(C:\Users\ELW00D\AppData\Local\Programs\MiKTeX\tex/latex/amsfonts\umsa.fd
File: umsa.fd 2013/01/14 v3.01 AMS symbols A
)
(C:\Users\ELW00D\AppData\Local\Programs\MiKTeX\tex/latex/microtype\mt-msa.cfg
File: mt-msa.cfg 2006/02/04 v1.1 microtype config. file: AMS symbols (a) (RS)
)
LaTeX Font Info:    Trying to load font information for U+msb on input line 50.


(C:\Users\ELW00D\AppData\Local\Programs\MiKTeX\tex/latex/amsfonts\umsb.fd
File: umsb.fd 2013/01/14 v3.01 AMS symbols B
)
(C:\Users\ELW00D\AppData\Local\Programs\MiKTeX\tex/latex/microtype\mt-msb.cfg
File: mt-msb.cfg 2005/06/01 v1.0 microtype config. file: AMS symbols (b) (RS)
)
(C:\Users\ELW00D\AppData\Local\Programs\MiKTeX\tex/latex/microtype\mt-eur.cfg
File: mt-eur.cfg 2006/07/31 v1.1 microtype config. file: AMS Euler Roman (RS)
)
LaTeX Font Info:    Font shape `T1/Roboto-LF/m/it' aliased to
(Font)              `T1/Roboto-LF/regular/it' on input line 50.
LaTeX Font Info:    Font shape `T1/Roboto-LF/regular/it' will be
(Font)              scaled to size 5.0pt on input line 50.
LaTeX Font Info:    Font shape `T1/Roboto-LF/m/n' aliased to
(Font)              `T1/Roboto-LF/regular/n' on input line 51.
LaTeX Font Info:    Font shape `T1/Roboto-LF/regular/n' will be
(Font)              scaled to size 20.74pt on input line 51.
LaTeX Font Info:    Font shape `T1/Roboto-LF/eb/n' aliased to
(Font)              `T1/Roboto-LF/black/n' on input line 51.
LaTeX Font Info:    Font shape `T1/Roboto-LF/black/n' will be
(Font)              scaled to size 20.74pt on input line 51.
LaTeX Font Info:    Font shape `T1/Roboto-LF/eb/n' aliased to
(Font)              `T1/Roboto-LF/black/n' on input line 51.
LaTeX Font Info:    Font shape `T1/Roboto-LF/black/n' will be
(Font)              scaled to size 9.0pt on input line 51.
LaTeX Font Info:    Font shape `T1/Roboto-LF/m/n' aliased to
(Font)              `T1/Roboto-LF/regular/n' on input line 51.
LaTeX Font Info:    Font shape `T1/Roboto-LF/regular/n' will be
(Font)              scaled to size 9.0pt on input line 51.
LaTeX Font Info:    Font shape `T1/Roboto-LF/m/n' aliased to
(Font)              `T1/Roboto-LF/regular/n' on input line 51.
LaTeX Font Info:    Font shape `T1/Roboto-LF/regular/n' will be
(Font)              scaled to size 8.0pt on input line 51.
LaTeX Font Info:    Font shape `T1/Roboto-LF/b/n' aliased to
(Font)              `T1/Roboto-LF/bold/n' on input line 51.
LaTeX Font Info:    Font shape `T1/Roboto-LF/bold/n' will be
(Font)              scaled to size 8.0pt on input line 51.
<images/tuda_home2.jpg, id=30, 5018.75pt x 2824.5525pt>
File: images/tuda_home2.jpg Graphic file (type jpg)
<use images/tuda_home2.jpg>
Package pdftex.def Info: images/tuda_home2.jpg  used on input line 51.
(pdftex.def)             Requested size: 5018.73784pt x 2824.54564pt.
LaTeX Font Info:    Font shape `T1/Roboto-LF/m/n' aliased to
(Font)              `T1/Roboto-LF/regular/n' on input line 51.
LaTeX Font Info:    Font shape `T1/Roboto-LF/regular/n' will be
(Font)              scaled to size 4.0pt on input line 51.

[1{C:/Users/ELW00D/AppData/Local/MiKTeX/fonts/map/pdftex/pdftex.map}{C:/Users/E
LW00D/AppData/Local/Programs/MiKTeX/fonts/enc/dvips/roboto/rbto_b5rac7.enc}

 <./images/tuda_home2.jpg> <./images/ce_logo_black.pdf> <./images/tuda_logo.pdf
>]
(WACE_SoSe24_PraesentationHausarbeitTeam03.toc)
(WACE_SoSe24_PraesentationHausarbeitTeam03.toc)
LaTeX Font Info:    Font shape `T1/Roboto-LF/eb/n' aliased to
(Font)              `T1/Roboto-LF/black/n' on input line 57.
LaTeX Font Info:    Font shape `T1/Roboto-LF/black/n' will be
(Font)              scaled to size 20.0pt on input line 57.
 [2

] [3

] [4

]
LaTeX Font Info:    Font shape `T1/Roboto-LF/m/it' aliased to
(Font)              `T1/Roboto-LF/regular/it' on input line 87.
LaTeX Font Info:    Font shape `T1/Roboto-LF/regular/it' will be
(Font)              scaled to size 10.0pt on input line 87.
 [5

 <C:/Users/ELW00D/AppData/Local/Programs/MiKTeX/tex/latex/beamer/beamericonarti
cle.pdf>]
\tf@nav=\write7
\openout7 = `WACE_SoSe24_PraesentationHausarbeitTeam03.nav'.

\tf@toc=\write8
\openout8 = `WACE_SoSe24_PraesentationHausarbeitTeam03.toc'.

\tf@snm=\write9
\openout9 = `WACE_SoSe24_PraesentationHausarbeitTeam03.snm'.


(WACE_SoSe24_PraesentationHausarbeitTeam03.aux)
 ***********
LaTeX2e <2023-11-01> patch level 1
L3 programming layer <2024-04-11>
 ***********
Package rerunfilecheck Info: File `WACE_SoSe24_PraesentationHausarbeitTeam03.ou
t' has not changed.
(rerunfilecheck)             Checksum: 480F594D6BD466F4B50035B464CB906C;442.
 ) 
Here is how much of TeX's memory you used:
 45394 strings out of 474369
 1056103 string characters out of 5740043
 1935754 words of memory out of 5000000
 66802 multiletter control sequences out of 15000+600000
 650706 words of font info for 116 fonts, out of 8000000 for 9000
 1141 hyphenation exceptions out of 8191
 142i,15n,151p,1040b,609s stack positions out of 10000i,1000n,20000p,200000b,200000s
<C:/Users/ELW00D/AppData/Local/Programs/MiKTeX/fonts/type1/google/roboto/Robo
to-Black.pfb><C:/Users/ELW00D/AppData/Local/Programs/MiKTeX/fonts/type1/google/
roboto/Roboto-Bold.pfb><C:/Users/ELW00D/AppData/Local/Programs/MiKTeX/fonts/typ
e1/google/roboto/Roboto-Italic.pfb><C:/Users/ELW00D/AppData/Local/Programs/MiKT
eX/fonts/type1/google/roboto/Roboto-Regular.pfb>
Output written on WACE_SoSe24_PraesentationHausarbeitTeam03.pdf (5 pages, 51932
39 bytes).
PDF statistics:
 117 PDF objects out of 1000 (max. 8388607)
 16 named destinations out of 1000 (max. 500000)
 49754 words of extra memory for PDF output out of 51595 (max. 10000000)

